<?xml version="1.0" encoding="UTF-8"?>
<!-- Generated by org.testng.reporters.JUnitReportReporter -->
<testsuite skipped="0" hostname="DESKTOP-JOCF003" name="com.testcases.TC_LoginPage_001" tests="1" failures="0" timestamp="01 Sep 2020 11:52:58 GMT" time="13.642" errors="0">
  <testcase name="loginApps" time="13.642" classname="com.testcases.TC_LoginPage_001"/>
</testsuite> <!-- com.testcases.TC_LoginPage_001 -->
