<?xml version="1.0" encoding="UTF-8"?>
<!-- Generated by org.testng.reporters.JUnitReportReporter -->
<testsuite skipped="0" hostname="DESKTOP-JOCF003" name="com.testcases.TC_Find_002" tests="1" failures="0" timestamp="14 Aug 2020 08:30:04 GMT" time="6.695" errors="0">
  <testcase name="SearchItems" time="6.695" classname="com.testcases.TC_Find_002"/>
</testsuite> <!-- com.testcases.TC_Find_002 -->
