<?xml version="1.0" encoding="UTF-8"?>
<!-- Generated by org.testng.reporters.JUnitReportReporter -->
<testsuite skipped="0" hostname="DESKTOP-JOCF003" name="com.testcases.TC_CartTest_003" tests="1" failures="0" timestamp="15 Aug 2020 17:57:56 GMT" time="0.027" errors="0">
  <testcase name="CartPaymentProcess" time="0.027" classname="com.testcases.TC_CartTest_003"/>
</testsuite> <!-- com.testcases.TC_CartTest_003 -->
