<?xml version="1.0" encoding="UTF-8"?>
<!-- Generated by org.testng.reporters.JUnitReportReporter -->
<testsuite skipped="0" hostname="DESKTOP-JOCF003" name="com.testcases.TC_CartTest_003" tests="1" failures="0" timestamp="04 Sep 2020 11:53:16 GMT" time="1.110" errors="0">
  <testcase name="CartPaymentProcess" time="1.110" classname="com.testcases.TC_CartTest_003"/>
</testsuite> <!-- com.testcases.TC_CartTest_003 -->
