<?xml version="1.0" encoding="UTF-8"?>
<!-- Generated by org.testng.reporters.JUnitReportReporter -->
<testsuite skipped="0" hostname="DESKTOP-JOCF003" name="com.testcases.TC_LoginTest_001" tests="1" failures="0" timestamp="18 Aug 2020 11:36:42 GMT" time="21.327" errors="0">
  <testcase name="loginApps" time="21.327" classname="com.testcases.TC_LoginTest_001"/>
</testsuite> <!-- com.testcases.TC_LoginTest_001 -->
